{"/home/trioangle/Public/express/node-type-webpack/express-app/src/index.ts": {"path":"/home/trioangle/Public/express/node-type-webpack/express-app/src/index.ts","statementMap":{"0":{"start":{"line":1,"column":0},"end":{"line":1,"column":35}},"1":{"start":{"line":3,"column":12},"end":{"line":3,"column":21}},"2":{"start":{"line":5,"column":2},"end":{"line":5,"column":13}},"3":{"start":{"line":7,"column":0},"end":{"line":11,"column":3}},"4":{"start":{"line":8,"column":2},"end":{"line":10,"column":5}},"5":{"start":{"line":12,"column":0},"end":{"line":16,"column":null}},"6":{"start":{"line":13,"column":2},"end":{"line":15,"column":5}},"7":{"start":{"line":14,"column":4},"end":{"line":14,"column":60}},"8":{"start":{"line":18,"column":0},"end":{"line":18,"column":19}}},"fnMap":{"0":{"name":"(anonymous_0)","decl":{"start":{"line":7,"column":13},"end":{"line":7,"column":14}},"loc":{"start":{"line":7,"column":41},"end":{"line":11,"column":1}}},"1":{"name":"(anonymous_1)","decl":{"start":{"line":13,"column":19},"end":{"line":13,"column":null}},"loc":{"start":{"line":13,"column":19},"end":{"line":15,"column":3}}}},"branchMap":{"0":{"loc":{"start":{"line":5,"column":2},"end":{"line":5,"column":13}},"type":"cond-expr","locations":[{"start":{"line":5,"column":2},"end":{"line":5,"column":13}},{"start":{"line":5,"column":2},"end":{"line":5,"column":13}}]},"1":{"loc":{"start":{"line":12,"column":0},"end":{"line":16,"column":null}},"type":"if","locations":[{"start":{"line":12,"column":0},"end":{"line":16,"column":null}},{"start":{"line":12,"column":0},"end":{"line":16,"column":null}}]}},"s":{"0":1,"1":1,"2":2,"3":1,"4":1,"5":1,"6":0,"7":0,"8":1},"f":{"0":1,"1":0},"b":{"0":[1,0],"1":[0,1]}}
}
